mode: set
wallet/wallet/repository/mysql/db.go:20.63,22.119 2 1
wallet/wallet/repository/mysql/db.go:25.2,25.30 1 1
wallet/wallet/repository/mysql/db.go:28.2,28.27 1 1
wallet/wallet/repository/mysql/db.go:22.119,24.3 1 1
wallet/wallet/repository/mysql/db.go:25.30,27.3 1 1
wallet/wallet/repository/mysql/db.go:31.68,33.16 2 1
wallet/wallet/repository/mysql/db.go:37.2,37.54 1 1
wallet/wallet/repository/mysql/db.go:47.2,47.12 1 1
wallet/wallet/repository/mysql/db.go:33.16,36.3 2 1
wallet/wallet/repository/mysql/db.go:37.54,40.59 3 0
wallet/wallet/repository/mysql/db.go:44.3,45.13 2 0
wallet/wallet/repository/mysql/db.go:40.59,43.4 1 0
wallet/wallet/repository/mysql/db.go:50.76,52.16 2 1
wallet/wallet/repository/mysql/db.go:56.2,59.18 3 1
wallet/wallet/repository/mysql/db.go:67.2,67.34 1 1
wallet/wallet/repository/mysql/db.go:71.2,71.21 1 1
wallet/wallet/repository/mysql/db.go:52.16,55.3 2 1
wallet/wallet/repository/mysql/db.go:59.18,61.113 2 1
wallet/wallet/repository/mysql/db.go:65.3,65.36 1 1
wallet/wallet/repository/mysql/db.go:61.113,64.4 2 0
wallet/wallet/repository/mysql/db.go:67.34,70.3 2 0
wallet/wallet/repository/mysql/db.go:74.65,76.16 2 0
wallet/wallet/repository/mysql/db.go:79.2,81.16 2 0
wallet/wallet/repository/mysql/db.go:86.2,89.16 3 0
wallet/wallet/repository/mysql/db.go:94.2,95.16 2 0
wallet/wallet/repository/mysql/db.go:100.2,100.15 1 0
wallet/wallet/repository/mysql/db.go:103.2,106.16 3 0
wallet/wallet/repository/mysql/db.go:111.2,114.16 3 0
wallet/wallet/repository/mysql/db.go:120.2,122.16 2 0
wallet/wallet/repository/mysql/db.go:126.2,126.12 1 0
wallet/wallet/repository/mysql/db.go:76.16,78.3 1 0
wallet/wallet/repository/mysql/db.go:81.16,84.3 2 0
wallet/wallet/repository/mysql/db.go:89.16,92.3 2 0
wallet/wallet/repository/mysql/db.go:95.16,99.3 3 0
wallet/wallet/repository/mysql/db.go:100.15,102.3 1 0
wallet/wallet/repository/mysql/db.go:106.16,109.3 2 0
wallet/wallet/repository/mysql/db.go:114.16,118.3 3 0
wallet/wallet/repository/mysql/db.go:122.16,125.3 2 0
wallet/wallet/repository/mysql/db.go:129.70,131.111 2 1
wallet/wallet/repository/mysql/db.go:134.2,134.20 1 1
wallet/wallet/repository/mysql/db.go:131.111,133.3 1 1
wallet/wallet/repository/mysql/db.go:137.65,139.16 2 1
wallet/wallet/repository/mysql/db.go:142.2,142.62 1 1
wallet/wallet/repository/mysql/db.go:146.2,147.12 2 0
wallet/wallet/repository/mysql/db.go:139.16,141.3 1 0
wallet/wallet/repository/mysql/db.go:142.62,145.3 2 1
wallet/wallet/repository/mysql/db.go:150.74,152.107 2 1
wallet/wallet/repository/mysql/db.go:155.2,155.26 1 1
wallet/wallet/repository/mysql/db.go:152.107,154.3 1 1
wallet/wallet/repository/mysql/db.go:158.90,161.16 3 1
wallet/wallet/repository/mysql/db.go:164.2,167.18 3 1
wallet/wallet/repository/mysql/db.go:174.2,174.34 1 1
wallet/wallet/repository/mysql/db.go:178.2,178.26 1 1
wallet/wallet/repository/mysql/db.go:161.16,163.3 1 0
wallet/wallet/repository/mysql/db.go:167.18,169.145 2 1
wallet/wallet/repository/mysql/db.go:172.3,172.51 1 1
wallet/wallet/repository/mysql/db.go:169.145,171.4 1 0
wallet/wallet/repository/mysql/db.go:174.34,177.3 2 0
wallet/wallet/repository/mysql/db.go:181.65,184.16 2 0
wallet/wallet/repository/mysql/db.go:189.2,191.16 2 0
wallet/wallet/repository/mysql/db.go:197.2,200.16 3 0
wallet/wallet/repository/mysql/db.go:213.2,217.16 3 0
wallet/wallet/repository/mysql/db.go:223.2,226.16 3 0
wallet/wallet/repository/mysql/db.go:231.2,231.62 1 0
wallet/wallet/repository/mysql/db.go:236.2,239.16 3 0
wallet/wallet/repository/mysql/db.go:245.2,248.16 3 0
wallet/wallet/repository/mysql/db.go:254.2,257.35 3 0
wallet/wallet/repository/mysql/db.go:262.2,262.12 1 0
wallet/wallet/repository/mysql/db.go:184.16,187.3 2 0
wallet/wallet/repository/mysql/db.go:191.16,195.3 3 0
wallet/wallet/repository/mysql/db.go:200.16,203.59 3 0
wallet/wallet/repository/mysql/db.go:210.3,211.13 2 0
wallet/wallet/repository/mysql/db.go:203.59,209.4 2 0
wallet/wallet/repository/mysql/db.go:217.16,221.3 3 0
wallet/wallet/repository/mysql/db.go:226.16,230.3 3 0
wallet/wallet/repository/mysql/db.go:231.62,235.3 3 0
wallet/wallet/repository/mysql/db.go:239.16,243.3 3 0
wallet/wallet/repository/mysql/db.go:248.16,253.3 4 0
wallet/wallet/repository/mysql/db.go:257.35,261.3 3 0
wallet/wallet/repository/mysql/db.go:265.72,267.16 2 0
wallet/wallet/repository/mysql/db.go:270.2,271.16 2 0
wallet/wallet/repository/mysql/db.go:275.2,276.16 2 0
wallet/wallet/repository/mysql/db.go:280.2,281.15 2 0
wallet/wallet/repository/mysql/db.go:285.2,286.35 2 0
wallet/wallet/repository/mysql/db.go:290.2,290.12 1 0
wallet/wallet/repository/mysql/db.go:267.16,269.3 1 0
wallet/wallet/repository/mysql/db.go:271.16,274.3 2 0
wallet/wallet/repository/mysql/db.go:276.16,279.3 2 0
wallet/wallet/repository/mysql/db.go:281.15,284.3 2 0
wallet/wallet/repository/mysql/db.go:286.35,289.3 2 0
wallet/wallet/repository/mysql/db.go:308.72,310.16 2 1
wallet/wallet/repository/mysql/db.go:313.2,316.18 3 1
wallet/wallet/repository/mysql/db.go:323.2,323.34 1 1
wallet/wallet/repository/mysql/db.go:326.2,326.21 1 1
wallet/wallet/repository/mysql/db.go:310.16,312.3 1 1
wallet/wallet/repository/mysql/db.go:316.18,318.44 2 1
wallet/wallet/repository/mysql/db.go:321.3,321.36 1 1
wallet/wallet/repository/mysql/db.go:318.44,320.4 1 0
wallet/wallet/repository/mysql/db.go:323.34,325.3 1 0
wallet/wallet/repository/mysql/db.go:329.72,332.16 3 0
wallet/wallet/repository/mysql/db.go:336.2,341.34 5 0
wallet/wallet/repository/mysql/db.go:345.2,347.39 2 0
wallet/wallet/repository/mysql/db.go:332.16,335.3 2 0
wallet/wallet/repository/mysql/db.go:341.34,344.3 2 0
